mode: atomic
github.com/chimera-pool/chimera-pool-core/internal/poolmanager/pool_manager.go:33.16,46.2 2 25
github.com/chimera-pool/chimera-pool-core/internal/poolmanager/pool_manager.go:49.38,53.36 3 18
github.com/chimera-pool/chimera-pool-core/internal/poolmanager/pool_manager.go:53.36,55.3 1 0
github.com/chimera-pool/chimera-pool-core/internal/poolmanager/pool_manager.go:57.2,60.49 2 18
github.com/chimera-pool/chimera-pool-core/internal/poolmanager/pool_manager.go:60.49,63.3 2 0
github.com/chimera-pool/chimera-pool-core/internal/poolmanager/pool_manager.go:65.2,71.12 4 18
github.com/chimera-pool/chimera-pool-core/internal/poolmanager/pool_manager.go:75.37,79.36 3 19
github.com/chimera-pool/chimera-pool-core/internal/poolmanager/pool_manager.go:79.36,81.3 1 1
github.com/chimera-pool/chimera-pool-core/internal/poolmanager/pool_manager.go:83.2,89.48 3 18
github.com/chimera-pool/chimera-pool-core/internal/poolmanager/pool_manager.go:89.48,92.3 2 0
github.com/chimera-pool/chimera-pool-core/internal/poolmanager/pool_manager.go:95.2,98.12 3 18
github.com/chimera-pool/chimera-pool-core/internal/poolmanager/pool_manager.go:102.55,116.2 4 18
github.com/chimera-pool/chimera-pool-core/internal/poolmanager/pool_manager.go:119.73,124.33 4 5
github.com/chimera-pool/chimera-pool-core/internal/poolmanager/pool_manager.go:124.33,129.3 1 0
github.com/chimera-pool/chimera-pool-core/internal/poolmanager/pool_manager.go:132.2,134.15 2 5
github.com/chimera-pool/chimera-pool-core/internal/poolmanager/pool_manager.go:138.76,143.33 4 3
github.com/chimera-pool/chimera-pool-core/internal/poolmanager/pool_manager.go:143.33,145.3 1 0
github.com/chimera-pool/chimera-pool-core/internal/poolmanager/pool_manager.go:155.2,156.46 2 3
github.com/chimera-pool/chimera-pool-core/internal/poolmanager/pool_manager.go:156.46,158.3 1 0
github.com/chimera-pool/chimera-pool-core/internal/poolmanager/pool_manager.go:160.2,160.12 1 3
github.com/chimera-pool/chimera-pool-core/internal/poolmanager/pool_manager.go:164.62,166.2 1 3
github.com/chimera-pool/chimera-pool-core/internal/poolmanager/pool_manager.go:169.70,184.33 6 43
github.com/chimera-pool/chimera-pool-core/internal/poolmanager/pool_manager.go:184.33,187.3 2 6
github.com/chimera-pool/chimera-pool-core/internal/poolmanager/pool_manager.go:189.2,203.3 1 43
github.com/chimera-pool/chimera-pool-core/internal/poolmanager/pool_manager.go:207.60,213.38 4 3
github.com/chimera-pool/chimera-pool-core/internal/poolmanager/pool_manager.go:213.38,215.19 2 3
github.com/chimera-pool/chimera-pool-core/internal/poolmanager/pool_manager.go:215.19,217.4 1 3
github.com/chimera-pool/chimera-pool-core/internal/poolmanager/pool_manager.go:220.2,229.3 1 3
github.com/chimera-pool/chimera-pool-core/internal/poolmanager/pool_manager.go:233.89,236.16 2 1
github.com/chimera-pool/chimera-pool-core/internal/poolmanager/pool_manager.go:236.16,238.3 1 0
github.com/chimera-pool/chimera-pool-core/internal/poolmanager/pool_manager.go:241.2,241.35 1 1
github.com/chimera-pool/chimera-pool-core/internal/poolmanager/pool_manager.go:241.35,243.3 1 0
github.com/chimera-pool/chimera-pool-core/internal/poolmanager/pool_manager.go:246.2,258.21 3 1
github.com/chimera-pool/chimera-pool-core/internal/poolmanager/pool_manager.go:258.21,260.3 1 0
github.com/chimera-pool/chimera-pool-core/internal/poolmanager/pool_manager.go:263.2,263.57 1 1
github.com/chimera-pool/chimera-pool-core/internal/poolmanager/pool_manager.go:263.57,265.3 1 0
github.com/chimera-pool/chimera-pool-core/internal/poolmanager/pool_manager.go:268.2,269.46 2 1
github.com/chimera-pool/chimera-pool-core/internal/poolmanager/pool_manager.go:269.46,271.3 1 0
github.com/chimera-pool/chimera-pool-core/internal/poolmanager/pool_manager.go:273.2,273.12 1 1
github.com/chimera-pool/chimera-pool-core/internal/poolmanager/pool_manager.go:277.44,283.6 4 18
github.com/chimera-pool/chimera-pool-core/internal/poolmanager/pool_manager.go:283.6,284.10 1 18
github.com/chimera-pool/chimera-pool-core/internal/poolmanager/pool_manager.go:285.24,286.10 1 18
github.com/chimera-pool/chimera-pool-core/internal/poolmanager/pool_manager.go:287.19,289.35 1 0
github.com/chimera-pool/chimera-pool-core/internal/poolmanager/pool_manager.go:299.77,304.33 4 8
github.com/chimera-pool/chimera-pool-core/internal/poolmanager/pool_manager.go:304.33,306.3 1 1
github.com/chimera-pool/chimera-pool-core/internal/poolmanager/pool_manager.go:310.2,310.47 1 7
github.com/chimera-pool/chimera-pool-core/internal/poolmanager/pool_manager.go:310.47,312.3 1 0
github.com/chimera-pool/chimera-pool-core/internal/poolmanager/pool_manager.go:322.2,325.31 3 7
github.com/chimera-pool/chimera-pool-core/internal/poolmanager/pool_manager.go:325.31,327.3 1 0
github.com/chimera-pool/chimera-pool-core/internal/poolmanager/pool_manager.go:329.2,329.12 1 7
github.com/chimera-pool/chimera-pool-core/internal/poolmanager/pool_manager.go:333.90,338.33 4 6
github.com/chimera-pool/chimera-pool-core/internal/poolmanager/pool_manager.go:338.33,340.3 1 1
github.com/chimera-pool/chimera-pool-core/internal/poolmanager/pool_manager.go:344.2,345.21 2 5
github.com/chimera-pool/chimera-pool-core/internal/poolmanager/pool_manager.go:345.21,347.3 1 0
github.com/chimera-pool/chimera-pool-core/internal/poolmanager/pool_manager.go:358.2,358.34 1 5
github.com/chimera-pool/chimera-pool-core/internal/poolmanager/pool_manager.go:358.34,360.3 1 0
github.com/chimera-pool/chimera-pool-core/internal/poolmanager/pool_manager.go:362.2,362.36 1 5
github.com/chimera-pool/chimera-pool-core/internal/poolmanager/pool_manager.go:362.36,364.3 1 0
github.com/chimera-pool/chimera-pool-core/internal/poolmanager/pool_manager.go:366.2,366.12 1 5
github.com/chimera-pool/chimera-pool-core/internal/poolmanager/pool_manager.go:370.95,375.33 4 8
github.com/chimera-pool/chimera-pool-core/internal/poolmanager/pool_manager.go:375.33,377.3 1 1
github.com/chimera-pool/chimera-pool-core/internal/poolmanager/pool_manager.go:381.2,381.74 1 7
github.com/chimera-pool/chimera-pool-core/internal/poolmanager/pool_manager.go:381.74,383.3 1 0
github.com/chimera-pool/chimera-pool-core/internal/poolmanager/pool_manager.go:397.2,397.12 1 7
github.com/chimera-pool/chimera-pool-core/internal/poolmanager/pool_manager.go:401.132,406.33 4 2
github.com/chimera-pool/chimera-pool-core/internal/poolmanager/pool_manager.go:406.33,408.3 1 0
github.com/chimera-pool/chimera-pool-core/internal/poolmanager/pool_manager.go:410.2,420.16 3 2
github.com/chimera-pool/chimera-pool-core/internal/poolmanager/pool_manager.go:420.16,424.3 3 0
github.com/chimera-pool/chimera-pool-core/internal/poolmanager/pool_manager.go:427.2,427.58 1 2
github.com/chimera-pool/chimera-pool-core/internal/poolmanager/pool_manager.go:427.58,431.3 3 0
github.com/chimera-pool/chimera-pool-core/internal/poolmanager/pool_manager.go:434.2,444.68 2 2
github.com/chimera-pool/chimera-pool-core/internal/poolmanager/pool_manager.go:444.68,448.3 3 0
github.com/chimera-pool/chimera-pool-core/internal/poolmanager/pool_manager.go:449.2,454.45 2 2
github.com/chimera-pool/chimera-pool-core/internal/poolmanager/pool_manager.go:454.45,455.69 1 2
github.com/chimera-pool/chimera-pool-core/internal/poolmanager/pool_manager.go:455.69,459.4 3 0
github.com/chimera-pool/chimera-pool-core/internal/poolmanager/pool_manager.go:460.3,461.27 2 2
github.com/chimera-pool/chimera-pool-core/internal/poolmanager/pool_manager.go:465.2,467.20 2 2
github.com/chimera-pool/chimera-pool-core/internal/poolmanager/pool_manager.go:471.108,486.46 5 12
github.com/chimera-pool/chimera-pool-core/internal/poolmanager/pool_manager.go:486.46,488.3 1 12
github.com/chimera-pool/chimera-pool-core/internal/poolmanager/pool_manager.go:488.8,490.3 1 0
github.com/chimera-pool/chimera-pool-core/internal/poolmanager/pool_manager.go:492.2,492.47 1 12
github.com/chimera-pool/chimera-pool-core/internal/poolmanager/pool_manager.go:492.47,494.3 1 12
github.com/chimera-pool/chimera-pool-core/internal/poolmanager/pool_manager.go:494.8,496.3 1 0
github.com/chimera-pool/chimera-pool-core/internal/poolmanager/pool_manager.go:498.2,498.44 1 12
github.com/chimera-pool/chimera-pool-core/internal/poolmanager/pool_manager.go:498.44,500.3 1 12
github.com/chimera-pool/chimera-pool-core/internal/poolmanager/pool_manager.go:500.8,502.3 1 0
github.com/chimera-pool/chimera-pool-core/internal/poolmanager/pool_manager.go:504.2,504.46 1 12
github.com/chimera-pool/chimera-pool-core/internal/poolmanager/pool_manager.go:504.46,506.3 1 12
github.com/chimera-pool/chimera-pool-core/internal/poolmanager/pool_manager.go:506.8,508.3 1 0
github.com/chimera-pool/chimera-pool-core/internal/poolmanager/pool_manager.go:511.2,511.42 1 12
github.com/chimera-pool/chimera-pool-core/internal/poolmanager/pool_manager.go:511.42,513.3 1 12
github.com/chimera-pool/chimera-pool-core/internal/poolmanager/pool_manager.go:513.8,513.51 1 0
github.com/chimera-pool/chimera-pool-core/internal/poolmanager/pool_manager.go:513.51,515.3 1 0
github.com/chimera-pool/chimera-pool-core/internal/poolmanager/pool_manager.go:515.8,517.3 1 0
github.com/chimera-pool/chimera-pool-core/internal/poolmanager/pool_manager.go:520.2,530.20 9 12
github.com/chimera-pool/chimera-pool-core/internal/poolmanager/pool_manager.go:534.105,539.33 4 3
github.com/chimera-pool/chimera-pool-core/internal/poolmanager/pool_manager.go:539.33,541.3 1 1
github.com/chimera-pool/chimera-pool-core/internal/poolmanager/pool_manager.go:544.2,544.39 1 2
github.com/chimera-pool/chimera-pool-core/internal/poolmanager/pool_manager.go:544.39,546.3 1 0
github.com/chimera-pool/chimera-pool-core/internal/poolmanager/pool_manager.go:558.2,558.31 1 2
github.com/chimera-pool/chimera-pool-core/internal/poolmanager/pool_manager.go:558.31,559.45 1 6
github.com/chimera-pool/chimera-pool-core/internal/poolmanager/pool_manager.go:559.45,561.4 1 0
github.com/chimera-pool/chimera-pool-core/internal/poolmanager/pool_manager.go:565.2,565.58 1 2
github.com/chimera-pool/chimera-pool-core/internal/poolmanager/pool_manager.go:565.58,567.3 1 0
github.com/chimera-pool/chimera-pool-core/internal/poolmanager/pool_manager.go:569.2,569.12 1 2
github.com/chimera-pool/chimera-pool-core/internal/poolmanager/pool_manager.go:573.103,578.33 4 3
github.com/chimera-pool/chimera-pool-core/internal/poolmanager/pool_manager.go:578.33,580.3 1 1
github.com/chimera-pool/chimera-pool-core/internal/poolmanager/pool_manager.go:584.2,584.61 1 2
github.com/chimera-pool/chimera-pool-core/internal/poolmanager/pool_manager.go:584.61,586.3 1 0
github.com/chimera-pool/chimera-pool-core/internal/poolmanager/pool_manager.go:589.2,589.84 1 2
github.com/chimera-pool/chimera-pool-core/internal/poolmanager/pool_manager.go:589.84,591.3 1 0
github.com/chimera-pool/chimera-pool-core/internal/poolmanager/pool_manager.go:602.2,602.47 1 2
github.com/chimera-pool/chimera-pool-core/internal/poolmanager/pool_manager.go:602.47,604.3 1 0
github.com/chimera-pool/chimera-pool-core/internal/poolmanager/pool_manager.go:606.2,606.12 1 2
github.com/chimera-pool/chimera-pool-core/internal/poolmanager/pool_manager.go:612.138,617.33 4 1
github.com/chimera-pool/chimera-pool-core/internal/poolmanager/pool_manager.go:617.33,619.3 1 0
github.com/chimera-pool/chimera-pool-core/internal/poolmanager/pool_manager.go:621.2,629.34 3 1
github.com/chimera-pool/chimera-pool-core/internal/poolmanager/pool_manager.go:629.34,643.3 10 1
github.com/chimera-pool/chimera-pool-core/internal/poolmanager/pool_manager.go:646.2,646.42 1 1
github.com/chimera-pool/chimera-pool-core/internal/poolmanager/pool_manager.go:646.42,651.3 3 1
github.com/chimera-pool/chimera-pool-core/internal/poolmanager/pool_manager.go:654.2,654.40 1 1
github.com/chimera-pool/chimera-pool-core/internal/poolmanager/pool_manager.go:654.40,657.47 2 1
github.com/chimera-pool/chimera-pool-core/internal/poolmanager/pool_manager.go:657.47,660.4 2 0
github.com/chimera-pool/chimera-pool-core/internal/poolmanager/pool_manager.go:664.2,665.19 2 1
github.com/chimera-pool/chimera-pool-core/internal/poolmanager/pool_manager.go:665.19,670.41 4 1
github.com/chimera-pool/chimera-pool-core/internal/poolmanager/pool_manager.go:670.41,672.4 1 0
github.com/chimera-pool/chimera-pool-core/internal/poolmanager/pool_manager.go:675.2,675.21 1 1
github.com/chimera-pool/chimera-pool-core/internal/poolmanager/pool_manager.go:679.135,687.34 3 3
github.com/chimera-pool/chimera-pool-core/internal/poolmanager/pool_manager.go:688.24,691.77 3 1
github.com/chimera-pool/chimera-pool-core/internal/poolmanager/pool_manager.go:693.25,696.76 3 1
github.com/chimera-pool/chimera-pool-core/internal/poolmanager/pool_manager.go:698.22,701.86 3 1
github.com/chimera-pool/chimera-pool-core/internal/poolmanager/pool_manager.go:703.24,706.82 3 0
github.com/chimera-pool/chimera-pool-core/internal/poolmanager/pool_manager.go:708.10,709.83 1 0
github.com/chimera-pool/chimera-pool-core/internal/poolmanager/pool_manager.go:713.2,713.35 1 3
github.com/chimera-pool/chimera-pool-core/internal/poolmanager/pool_manager.go:714.27,716.35 2 1
github.com/chimera-pool/chimera-pool-core/internal/poolmanager/pool_manager.go:718.29,721.36 3 1
github.com/chimera-pool/chimera-pool-core/internal/poolmanager/pool_manager.go:723.18,726.35 3 1
github.com/chimera-pool/chimera-pool-core/internal/poolmanager/pool_manager.go:728.10,729.84 1 0
github.com/chimera-pool/chimera-pool-core/internal/poolmanager/pool_manager.go:732.2,733.20 2 3
github.com/chimera-pool/chimera-pool-core/internal/poolmanager/pool_manager.go:737.158,742.33 4 1
github.com/chimera-pool/chimera-pool-core/internal/poolmanager/pool_manager.go:742.33,744.3 1 0
github.com/chimera-pool/chimera-pool-core/internal/poolmanager/pool_manager.go:746.2,751.26 2 1
github.com/chimera-pool/chimera-pool-core/internal/poolmanager/pool_manager.go:751.26,755.3 3 1
github.com/chimera-pool/chimera-pool-core/internal/poolmanager/pool_manager.go:758.2,758.32 1 1
github.com/chimera-pool/chimera-pool-core/internal/poolmanager/pool_manager.go:758.32,762.3 3 1
github.com/chimera-pool/chimera-pool-core/internal/poolmanager/pool_manager.go:766.2,778.51 7 1
github.com/chimera-pool/chimera-pool-core/internal/poolmanager/pool_manager.go:778.51,781.3 2 1
github.com/chimera-pool/chimera-pool-core/internal/poolmanager/pool_manager.go:783.2,783.57 1 1
github.com/chimera-pool/chimera-pool-core/internal/poolmanager/pool_manager.go:783.57,786.3 2 1
github.com/chimera-pool/chimera-pool-core/internal/poolmanager/pool_manager.go:788.2,788.20 1 1
github.com/chimera-pool/chimera-pool-core/internal/poolmanager/pool_manager.go:792.132,797.33 4 1
github.com/chimera-pool/chimera-pool-core/internal/poolmanager/pool_manager.go:797.33,799.3 1 0
github.com/chimera-pool/chimera-pool-core/internal/poolmanager/pool_manager.go:801.2,827.38 8 1
github.com/chimera-pool/chimera-pool-core/internal/poolmanager/pool_manager.go:827.38,829.19 2 1
github.com/chimera-pool/chimera-pool-core/internal/poolmanager/pool_manager.go:829.19,831.4 1 1
github.com/chimera-pool/chimera-pool-core/internal/poolmanager/pool_manager.go:835.2,835.29 1 1
github.com/chimera-pool/chimera-pool-core/internal/poolmanager/pool_manager.go:835.29,841.3 4 1
github.com/chimera-pool/chimera-pool-core/internal/poolmanager/pool_manager.go:844.2,844.27 1 1
github.com/chimera-pool/chimera-pool-core/internal/poolmanager/pool_manager.go:844.27,846.71 1 1
github.com/chimera-pool/chimera-pool-core/internal/poolmanager/pool_manager.go:846.71,848.4 1 0
github.com/chimera-pool/chimera-pool-core/internal/poolmanager/pool_manager.go:850.3,850.65 1 1
github.com/chimera-pool/chimera-pool-core/internal/poolmanager/pool_manager.go:850.65,852.25 2 1
github.com/chimera-pool/chimera-pool-core/internal/poolmanager/pool_manager.go:852.25,854.5 1 0
github.com/chimera-pool/chimera-pool-core/internal/poolmanager/pool_manager.go:858.3,859.47 2 1
github.com/chimera-pool/chimera-pool-core/internal/poolmanager/pool_manager.go:859.47,861.4 1 0
github.com/chimera-pool/chimera-pool-core/internal/poolmanager/pool_manager.go:864.2,864.18 1 1
github.com/chimera-pool/chimera-pool-core/internal/poolmanager/pool_manager.go:868.128,873.33 4 3
github.com/chimera-pool/chimera-pool-core/internal/poolmanager/pool_manager.go:873.33,875.3 1 0
github.com/chimera-pool/chimera-pool-core/internal/poolmanager/pool_manager.go:877.2,888.25 4 3
github.com/chimera-pool/chimera-pool-core/internal/poolmanager/pool_manager.go:889.21,892.38 2 1
github.com/chimera-pool/chimera-pool-core/internal/poolmanager/pool_manager.go:892.38,895.4 2 3
github.com/chimera-pool/chimera-pool-core/internal/poolmanager/pool_manager.go:896.3,896.92 1 1
github.com/chimera-pool/chimera-pool-core/internal/poolmanager/pool_manager.go:898.18,901.38 2 1
github.com/chimera-pool/chimera-pool-core/internal/poolmanager/pool_manager.go:901.38,904.4 2 3
github.com/chimera-pool/chimera-pool-core/internal/poolmanager/pool_manager.go:905.3,905.89 1 1
github.com/chimera-pool/chimera-pool-core/internal/poolmanager/pool_manager.go:907.27,911.38 3 1
github.com/chimera-pool/chimera-pool-core/internal/poolmanager/pool_manager.go:911.38,914.4 2 3
github.com/chimera-pool/chimera-pool-core/internal/poolmanager/pool_manager.go:915.3,915.98 1 1
github.com/chimera-pool/chimera-pool-core/internal/poolmanager/pool_manager.go:917.10,918.80 1 0
github.com/chimera-pool/chimera-pool-core/internal/poolmanager/pool_manager.go:922.2,922.54 1 3
github.com/chimera-pool/chimera-pool-core/internal/poolmanager/pool_manager.go:922.54,923.39 1 9
github.com/chimera-pool/chimera-pool-core/internal/poolmanager/pool_manager.go:923.39,927.4 2 0
github.com/chimera-pool/chimera-pool-core/internal/poolmanager/pool_manager.go:931.2,931.30 1 3
github.com/chimera-pool/chimera-pool-core/internal/poolmanager/pool_manager.go:931.30,934.48 2 3
github.com/chimera-pool/chimera-pool-core/internal/poolmanager/pool_manager.go:934.48,936.4 1 9
github.com/chimera-pool/chimera-pool-core/internal/poolmanager/pool_manager.go:937.3,939.20 2 3
github.com/chimera-pool/chimera-pool-core/internal/poolmanager/pool_manager.go:939.20,942.4 2 0
github.com/chimera-pool/chimera-pool-core/internal/poolmanager/pool_manager.go:942.9,942.57 1 3
github.com/chimera-pool/chimera-pool-core/internal/poolmanager/pool_manager.go:942.57,945.4 2 0
github.com/chimera-pool/chimera-pool-core/internal/poolmanager/pool_manager.go:948.2,949.20 2 3
